Error: syntax error at or near "\"
Stack: error: syntax error at or near "\"
    at C:\web development\db-git\DB_Git\server\node_modules\pg\lib\client.js:631:17
    at process.processTicksAndRejections (node:internal/process/task_queues:105:5)
    at async ProjectService.rollback (C:\web development\db-git\DB_Git\server\services\projectService.js:141:17)
    at async rollback (C:\web development\db-git\DB_Git\server\controllers\projectController.js:87:13)
SQL: --
-- PostgreSQL database dump
--


-- Dumped from database version 16.13
-- Dumped by pg_dump version 16.13

SET statement_timeout = 0;
SET lock_timeout = 0;
SET idle_in_transaction_session_timeout = 0;
SET client_encoding = 'UTF8';
SET standard_conforming_strings = on;
SELECT pg_catalog.set_config('search_path', '', false);
SET check_function_bodies = false;
SET xmloption = content;
SET client_min_messages = warning;
SET row_security = off;

ALTER TABLE IF EXISTS ONLY public.test_data DROP CON...